<?xml version="1.0" encoding="UTF-8"?>
<!-- Generated by org.testng.reporters.JUnitXMLReporter -->
<testsuite ignored="2" hostname="LAPTOP-VT3SL9S3" failures="0" tests="1" name="Test" time="8.085" errors="0" timestamp="2025-02-18T20:23:57 IST">
  <testcase classname="testscripts.AdminUserTest" name="verifyUserIsAbleToAddNewAdminUser" time="3.582"/>
  <testcase classname="testscripts.AdminUserTest" name="verifyUserIsAbleToSearch" time="0.0">
    <ignored/>
  </testcase> <!-- verifyUserIsAbleToSearch -->
  <testcase classname="testscripts.AdminUserTest" name="verifyUserIsAbleToDelete" time="0.0">
    <ignored/>
  </testcase> <!-- verifyUserIsAbleToDelete -->
</testsuite> <!-- Test -->
