<?xml version="1.0" encoding="UTF-8"?>
<testng-results ignored="0" total="1" passed="1" failed="0" skipped="0">
  <reporter-output>
  </reporter-output>
  <suite started-at="2025-02-18T20:23:49 IST" name="suite" finished-at="2025-02-18T20:23:57 IST" duration-ms="8085">
    <groups>
    </groups>
    <test started-at="2025-02-18T20:23:49 IST" name="Test" finished-at="2025-02-18T20:23:57 IST" duration-ms="8085">
      <class name="testscripts.AdminUserTest">
        <test-method is-config="true" signature="initialiseBrowser(java.lang.String)[pri:0, instance:testscripts.AdminUserTest@491b9b8]" started-at="2025-02-18T20:23:49 IST" name="initialiseBrowser" finished-at="2025-02-18T20:23:53 IST" duration-ms="3930" status="PASS">
          <params>
            <param index="0">
              <value>
                <![CDATA[chrome]]>
              </value>
            </param>
          </params>
          <reporter-output>
          </reporter-output>
        </test-method> <!-- initialiseBrowser -->
        <test-method signature="verifyUserIsAbleToAddNewAdminUser()[pri:0, instance:testscripts.AdminUserTest@491b9b8]" started-at="2025-02-18T20:23:53 IST" name="verifyUserIsAbleToAddNewAdminUser" description="Verifying user is able to add new Admin Users" finished-at="2025-02-18T20:23:56 IST" duration-ms="3582" status="PASS">
          <reporter-output>
          </reporter-output>
        </test-method> <!-- verifyUserIsAbleToAddNewAdminUser -->
        <test-method is-config="true" signature="browserQuit(org.testng.ITestResult)[pri:0, instance:testscripts.AdminUserTest@491b9b8]" started-at="2025-02-18T20:23:56 IST" name="browserQuit" finished-at="2025-02-18T20:23:57 IST" duration-ms="508" status="PASS">
          <params>
            <param index="0">
              <value>
                <![CDATA[[TestResult name=verifyUserIsAbleToAddNewAdminUser status=SUCCESS method=AdminUserTest.verifyUserIsAbleToAddNewAdminUser()[pri:0, instance:testscripts.AdminUserTest@491b9b8] output={null}]]]>
              </value>
            </param>
          </params>
          <reporter-output>
          </reporter-output>
        </test-method> <!-- browserQuit -->
      </class> <!-- testscripts.AdminUserTest -->
    </test> <!-- Test -->
  </suite> <!-- suite -->
</testng-results>
